<?xml version="1.0" encoding="UTF-8"?>
<coverage generated="1653986412134" clover="3.2.0">
  <project timestamp="1653986412134" name="All files">
    <metrics statements="363" coveredstatements="363" conditionals="78" coveredconditionals="78" methods="19" coveredmethods="18" elements="460" coveredelements="459" complexity="0" loc="363" ncloc="363" packages="1" files="6" classes="6"/>
    <file name="ColumnSelect.tsx" path="/home/nut/react-column-select/src/ColumnSelect.tsx">
      <metrics statements="253" coveredstatements="253" conditionals="55" coveredconditionals="55" methods="11" coveredmethods="10"/>
      <line num="1" count="1" type="stmt"/>
      <line num="2" count="1" type="stmt"/>
      <line num="3" count="1" type="stmt"/>
      <line num="4" count="1" type="stmt"/>
      <line num="5" count="1" type="stmt"/>
      <line num="6" count="1" type="stmt"/>
      <line num="7" count="1" type="stmt"/>
      <line num="8" count="1" type="stmt"/>
      <line num="9" count="1" type="cond" truecount="1" falsecount="0"/>
      <line num="10" count="56" type="stmt"/>
      <line num="11" count="56" type="stmt"/>
      <line num="12" count="56" type="stmt"/>
      <line num="13" count="56" type="stmt"/>
      <line num="14" count="56" type="stmt"/>
      <line num="15" count="56" type="stmt"/>
      <line num="16" count="56" type="stmt"/>
      <line num="17" count="56" type="stmt"/>
      <line num="18" count="56" type="stmt"/>
      <line num="19" count="56" type="stmt"/>
      <line num="20" count="56" type="stmt"/>
      <line num="21" count="56" type="stmt"/>
      <line num="22" count="56" type="stmt"/>
      <line num="23" count="56" type="stmt"/>
      <line num="24" count="56" type="stmt"/>
      <line num="25" count="56" type="stmt"/>
      <line num="26" count="56" type="stmt"/>
      <line num="27" count="56" type="stmt"/>
      <line num="28" count="56" type="stmt"/>
      <line num="29" count="56" type="stmt"/>
      <line num="30" count="56" type="stmt"/>
      <line num="31" count="56" type="stmt"/>
      <line num="32" count="56" type="stmt"/>
      <line num="33" count="56" type="stmt"/>
      <line num="34" count="56" type="cond" truecount="1" falsecount="0"/>
      <line num="35" count="1" type="stmt"/>
      <line num="36" count="1" type="stmt"/>
      <line num="37" count="56" type="stmt"/>
      <line num="38" count="56" type="stmt"/>
      <line num="39" count="56" type="cond" truecount="1" falsecount="0"/>
      <line num="40" count="1" type="stmt"/>
      <line num="41" count="1" type="stmt"/>
      <line num="42" count="56" type="stmt"/>
      <line num="43" count="56" type="stmt"/>
      <line num="44" count="56" type="cond" truecount="1" falsecount="0"/>
      <line num="45" count="3" type="stmt"/>
      <line num="46" count="3" type="stmt"/>
      <line num="47" count="3" type="stmt"/>
      <line num="48" count="3" type="cond" truecount="1" falsecount="0"/>
      <line num="49" count="8" type="cond" truecount="2" falsecount="0"/>
      <line num="50" count="6" type="stmt"/>
      <line num="51" count="6" type="stmt"/>
      <line num="52" count="8" type="stmt"/>
      <line num="53" count="3" type="stmt"/>
      <line num="54" count="3" type="stmt"/>
      <line num="55" count="3" type="stmt"/>
      <line num="56" count="3" type="cond" truecount="1" falsecount="0"/>
      <line num="57" count="1" type="stmt"/>
      <line num="58" count="1" type="stmt"/>
      <line num="59" count="3" type="stmt"/>
      <line num="60" count="3" type="stmt"/>
      <line num="61" count="3" type="stmt"/>
      <line num="62" count="3" type="stmt"/>
      <line num="63" count="56" type="stmt"/>
      <line num="64" count="56" type="stmt"/>
      <line num="65" count="56" type="cond" truecount="1" falsecount="0"/>
      <line num="66" count="1" type="stmt"/>
      <line num="67" count="1" type="stmt"/>
      <line num="68" count="1" type="stmt"/>
      <line num="69" count="1" type="stmt"/>
      <line num="70" count="1" type="cond" truecount="1" falsecount="0"/>
      <line num="71" count="2" type="stmt"/>
      <line num="72" count="2" type="stmt"/>
      <line num="73" count="1" type="stmt"/>
      <line num="74" count="1" type="stmt"/>
      <line num="75" count="1" type="stmt"/>
      <line num="76" count="1" type="stmt"/>
      <line num="77" count="1" type="cond" truecount="1" falsecount="0"/>
      <line num="78" count="5" type="cond" truecount="1" falsecount="0"/>
      <line num="79" count="3" type="stmt"/>
      <line num="80" count="3" type="stmt"/>
      <line num="81" count="5" type="stmt"/>
      <line num="82" count="1" type="stmt"/>
      <line num="83" count="1" type="stmt"/>
      <line num="84" count="1" type="stmt"/>
      <line num="85" count="56" type="stmt"/>
      <line num="86" count="56" type="stmt"/>
      <line num="87" count="56" type="cond" truecount="1" falsecount="0"/>
      <line num="88" count="59" type="cond" truecount="1" falsecount="0"/>
      <line num="89" count="88" type="cond" truecount="1" falsecount="0"/>
      <line num="90" count="49" type="stmt"/>
      <line num="91" count="49" type="stmt"/>
      <line num="92" count="88" type="stmt"/>
      <line num="93" count="88" type="stmt"/>
      <line num="94" count="59" type="stmt"/>
      <line num="95" count="59" type="stmt"/>
      <line num="96" count="59" type="stmt"/>
      <line num="97" count="59" type="cond" truecount="2" falsecount="0"/>
      <line num="98" count="1" type="cond" truecount="1" falsecount="0"/>
      <line num="99" count="2" type="stmt"/>
      <line num="100" count="1" type="stmt"/>
      <line num="101" count="1" type="stmt"/>
      <line num="102" count="59" type="stmt"/>
      <line num="103" count="59" type="cond" truecount="1" falsecount="0"/>
      <line num="104" count="1" type="cond" truecount="1" falsecount="0"/>
      <line num="105" count="2" type="cond" truecount="1" falsecount="0"/>
      <line num="106" count="1" type="stmt"/>
      <line num="107" count="1" type="stmt"/>
      <line num="108" count="1" type="stmt"/>
      <line num="109" count="1" type="stmt"/>
      <line num="110" count="1" type="stmt"/>
      <line num="111" count="1" type="stmt"/>
      <line num="112" count="59" type="stmt"/>
      <line num="113" count="59" type="cond" truecount="1" falsecount="0"/>
      <line num="114" count="22" type="stmt"/>
      <line num="115" count="22" type="stmt"/>
      <line num="116" count="37" type="cond" truecount="1" falsecount="0"/>
      <line num="117" count="59" type="cond" truecount="1" falsecount="0"/>
      <line num="118" count="24" type="cond" truecount="1" falsecount="0"/>
      <line num="119" count="24" type="stmt"/>
      <line num="120" count="13" type="cond" truecount="1" falsecount="0"/>
      <line num="121" count="13" type="stmt"/>
      <line num="122" count="56" type="stmt"/>
      <line num="123" count="56" type="stmt"/>
      <line num="124" count="56" type="cond" truecount="1" falsecount="0"/>
      <line num="125" count="57" type="cond" truecount="1" falsecount="0"/>
      <line num="126" count="81" type="cond" truecount="1" falsecount="0"/>
      <line num="127" count="42" type="stmt"/>
      <line num="128" count="42" type="stmt"/>
      <line num="129" count="81" type="stmt"/>
      <line num="130" count="57" type="stmt"/>
      <line num="131" count="57" type="stmt"/>
      <line num="132" count="57" type="cond" truecount="1" falsecount="0"/>
      <line num="133" count="20" type="stmt"/>
      <line num="134" count="20" type="stmt"/>
      <line num="135" count="37" type="cond" truecount="1" falsecount="0"/>
      <line num="136" count="57" type="cond" truecount="1" falsecount="0"/>
      <line num="137" count="11" type="cond" truecount="1" falsecount="0"/>
      <line num="138" count="11" type="stmt"/>
      <line num="139" count="26" type="cond" truecount="1" falsecount="0"/>
      <line num="140" count="26" type="stmt"/>
      <line num="141" count="56" type="stmt"/>
      <line num="142" count="56" type="stmt"/>
      <line num="143" count="56" type="cond" truecount="1" falsecount="0"/>
      <line num="144" count="16" type="stmt"/>
      <line num="145" count="56" type="stmt"/>
      <line num="146" count="56" type="stmt"/>
      <line num="147" count="56" type="cond" truecount="1" falsecount="0"/>
      <line num="148" count="10" type="stmt"/>
      <line num="149" count="56" type="stmt"/>
      <line num="150" count="56" type="stmt"/>
      <line num="151" count="56" type="cond" truecount="1" falsecount="0"/>
      <line num="152" count="72" type="cond" truecount="1" falsecount="0"/>
      <line num="153" count="70" type="stmt"/>
      <line num="154" count="70" type="stmt"/>
      <line num="155" count="70" type="stmt"/>
      <line num="156" count="70" type="stmt"/>
      <line num="157" count="70" type="stmt"/>
      <line num="158" count="70" type="stmt"/>
      <line num="159" count="70" type="stmt"/>
      <line num="160" count="70" type="stmt"/>
      <line num="161" count="70" type="stmt"/>
      <line num="162" count="70" type="stmt"/>
      <line num="163" count="70" type="stmt"/>
      <line num="164" count="2" type="cond" truecount="1" falsecount="0"/>
      <line num="165" count="2" type="stmt"/>
      <line num="166" count="2" type="stmt"/>
      <line num="167" count="2" type="stmt"/>
      <line num="168" count="2" type="stmt"/>
      <line num="169" count="2" type="stmt"/>
      <line num="170" count="2" type="stmt"/>
      <line num="171" count="2" type="stmt"/>
      <line num="172" count="56" type="stmt"/>
      <line num="173" count="56" type="stmt"/>
      <line num="174" count="56" type="stmt"/>
      <line num="175" count="56" type="cond" truecount="2" falsecount="0"/>
      <line num="176" count="56" type="cond" truecount="2" falsecount="0"/>
      <line num="177" count="1" type="stmt"/>
      <line num="178" count="1" type="stmt"/>
      <line num="179" count="1" type="stmt"/>
      <line num="180" count="1" type="stmt"/>
      <line num="181" count="1" type="stmt"/>
      <line num="182" count="1" type="stmt"/>
      <line num="183" count="1" type="stmt"/>
      <line num="184" count="56" type="cond" truecount="1" falsecount="0"/>
      <line num="185" count="56" type="stmt"/>
      <line num="186" count="56" type="cond" truecount="1" falsecount="0"/>
      <line num="187" count="36" type="stmt"/>
      <line num="188" count="36" type="stmt"/>
      <line num="189" count="36" type="stmt"/>
      <line num="190" count="36" type="stmt"/>
      <line num="191" count="36" type="stmt"/>
      <line num="192" count="36" type="stmt"/>
      <line num="193" count="36" type="stmt"/>
      <line num="194" count="36" type="stmt"/>
      <line num="195" count="36" type="stmt"/>
      <line num="196" count="56" type="cond" truecount="1" falsecount="0"/>
      <line num="197" count="56" type="stmt"/>
      <line num="198" count="56" type="stmt"/>
      <line num="199" count="56" type="stmt"/>
      <line num="200" count="56" type="stmt"/>
      <line num="201" count="56" type="stmt"/>
      <line num="202" count="56" type="stmt"/>
      <line num="203" count="56" type="stmt"/>
      <line num="204" count="56" type="stmt"/>
      <line num="205" count="56" type="stmt"/>
      <line num="206" count="56" type="stmt"/>
      <line num="207" count="56" type="cond" truecount="1" falsecount="0"/>
      <line num="208" count="11" type="stmt"/>
      <line num="209" count="11" type="stmt"/>
      <line num="210" count="11" type="stmt"/>
      <line num="211" count="11" type="stmt"/>
      <line num="212" count="11" type="stmt"/>
      <line num="213" count="11" type="stmt"/>
      <line num="214" count="11" type="cond" truecount="1" falsecount="0"/>
      <line num="215" count="11" type="cond" truecount="2" falsecount="0"/>
      <line num="216" count="6" type="stmt"/>
      <line num="217" count="11" type="stmt"/>
      <line num="218" count="11" type="stmt"/>
      <line num="219" count="11" type="stmt"/>
      <line num="220" count="11" type="stmt"/>
      <line num="221" count="11" type="stmt"/>
      <line num="222" count="11" type="stmt"/>
      <line num="223" count="11" type="stmt"/>
      <line num="224" count="11" type="stmt"/>
      <line num="225" count="11" type="cond" truecount="1" falsecount="0"/>
      <line num="226" count="11" type="stmt"/>
      <line num="227" count="11" type="stmt"/>
      <line num="228" count="11" type="stmt"/>
      <line num="229" count="56" type="cond" truecount="1" falsecount="0"/>
      <line num="230" count="56" type="stmt"/>
      <line num="231" count="56" type="stmt"/>
      <line num="232" count="56" type="stmt"/>
      <line num="233" count="56" type="stmt"/>
      <line num="234" count="56" type="stmt"/>
      <line num="235" count="56" type="stmt"/>
      <line num="236" count="56" type="stmt"/>
      <line num="237" count="56" type="stmt"/>
      <line num="238" count="56" type="stmt"/>
      <line num="239" count="56" type="stmt"/>
      <line num="240" count="56" type="cond" truecount="2" falsecount="0"/>
      <line num="241" count="1" type="stmt"/>
      <line num="242" count="1" type="stmt"/>
      <line num="243" count="1" type="stmt"/>
      <line num="244" count="1" type="stmt"/>
      <line num="245" count="1" type="stmt"/>
      <line num="246" count="1" type="stmt"/>
      <line num="247" count="1" type="stmt"/>
      <line num="248" count="56" type="cond" truecount="1" falsecount="0"/>
      <line num="249" count="56" type="stmt"/>
      <line num="250" count="56" type="stmt"/>
      <line num="251" count="56" type="stmt"/>
      <line num="252" count="1" type="stmt"/>
      <line num="253" count="1" type="stmt"/>
    </file>
    <file name="Filter.tsx" path="/home/nut/react-column-select/src/Filter.tsx">
      <metrics statements="41" coveredstatements="41" conditionals="7" coveredconditionals="7" methods="3" coveredmethods="3"/>
      <line num="1" count="1" type="stmt"/>
      <line num="2" count="1" type="stmt"/>
      <line num="3" count="1" type="stmt"/>
      <line num="4" count="1" type="cond" truecount="1" falsecount="0"/>
      <line num="5" count="70" type="stmt"/>
      <line num="6" count="70" type="stmt"/>
      <line num="7" count="70" type="stmt"/>
      <line num="8" count="70" type="stmt"/>
      <line num="9" count="70" type="stmt"/>
      <line num="10" count="70" type="stmt"/>
      <line num="11" count="70" type="stmt"/>
      <line num="12" count="70" type="cond" truecount="1" falsecount="0"/>
      <line num="13" count="25" type="stmt"/>
      <line num="14" count="70" type="stmt"/>
      <line num="15" count="70" type="stmt"/>
      <line num="16" count="70" type="cond" truecount="1" falsecount="0"/>
      <line num="17" count="1" type="stmt"/>
      <line num="18" count="70" type="stmt"/>
      <line num="19" count="70" type="stmt"/>
      <line num="20" count="70" type="stmt"/>
      <line num="21" count="70" type="stmt"/>
      <line num="22" count="70" type="stmt"/>
      <line num="23" count="70" type="stmt"/>
      <line num="24" count="70" type="stmt"/>
      <line num="25" count="70" type="stmt"/>
      <line num="26" count="70" type="stmt"/>
      <line num="27" count="70" type="stmt"/>
      <line num="28" count="70" type="stmt"/>
      <line num="29" count="70" type="stmt"/>
      <line num="30" count="70" type="cond" truecount="3" falsecount="0"/>
      <line num="31" count="30" type="stmt"/>
      <line num="32" count="30" type="stmt"/>
      <line num="33" count="30" type="stmt"/>
      <line num="34" count="30" type="stmt"/>
      <line num="35" count="30" type="stmt"/>
      <line num="36" count="70" type="cond" truecount="1" falsecount="0"/>
      <line num="37" count="70" type="stmt"/>
      <line num="38" count="70" type="stmt"/>
      <line num="39" count="70" type="stmt"/>
      <line num="40" count="1" type="stmt"/>
      <line num="41" count="1" type="stmt"/>
    </file>
    <file name="List.tsx" path="/home/nut/react-column-select/src/List.tsx">
      <metrics statements="30" coveredstatements="30" conditionals="7" coveredconditionals="7" methods="2" coveredmethods="2"/>
      <line num="1" count="1" type="stmt"/>
      <line num="2" count="1" type="stmt"/>
      <line num="3" count="1" type="stmt"/>
      <line num="4" count="1" type="stmt"/>
      <line num="5" count="1" type="cond" truecount="1" falsecount="0"/>
      <line num="6" count="112" type="cond" truecount="1" falsecount="0"/>
      <line num="7" count="3" type="cond" truecount="1" falsecount="0"/>
      <line num="8" count="1" type="stmt"/>
      <line num="9" count="1" type="stmt"/>
      <line num="10" count="2" type="cond" truecount="1" falsecount="0"/>
      <line num="11" count="2" type="stmt"/>
      <line num="12" count="112" type="stmt"/>
      <line num="13" count="112" type="stmt"/>
      <line num="14" count="112" type="stmt"/>
      <line num="15" count="112" type="stmt"/>
      <line num="16" count="112" type="cond" truecount="1" falsecount="0"/>
      <line num="17" count="60" type="stmt"/>
      <line num="18" count="60" type="stmt"/>
      <line num="19" count="60" type="cond" truecount="1" falsecount="0"/>
      <line num="20" count="60" type="cond" truecount="1" falsecount="0"/>
      <line num="21" count="60" type="stmt"/>
      <line num="22" count="60" type="stmt"/>
      <line num="23" count="60" type="stmt"/>
      <line num="24" count="60" type="stmt"/>
      <line num="25" count="112" type="stmt"/>
      <line num="26" count="112" type="stmt"/>
      <line num="27" count="112" type="stmt"/>
      <line num="28" count="112" type="stmt"/>
      <line num="29" count="1" type="stmt"/>
      <line num="30" count="1" type="stmt"/>
    </file>
    <file name="ListItem.tsx" path="/home/nut/react-column-select/src/ListItem.tsx">
      <metrics statements="31" coveredstatements="31" conditionals="8" coveredconditionals="8" methods="2" coveredmethods="2"/>
      <line num="1" count="1" type="stmt"/>
      <line num="2" count="1" type="stmt"/>
      <line num="3" count="1" type="stmt"/>
      <line num="4" count="1" type="cond" truecount="1" falsecount="0"/>
      <line num="5" count="60" type="stmt"/>
      <line num="6" count="60" type="stmt"/>
      <line num="7" count="60" type="stmt"/>
      <line num="8" count="60" type="stmt"/>
      <line num="9" count="60" type="stmt"/>
      <line num="10" count="60" type="stmt"/>
      <line num="11" count="60" type="cond" truecount="1" falsecount="0"/>
      <line num="12" count="5" type="cond" truecount="1" falsecount="0"/>
      <line num="13" count="2" type="stmt"/>
      <line num="14" count="2" type="stmt"/>
      <line num="15" count="3" type="cond" truecount="1" falsecount="0"/>
      <line num="16" count="60" type="stmt"/>
      <line num="17" count="60" type="stmt"/>
      <line num="18" count="60" type="stmt"/>
      <line num="19" count="60" type="stmt"/>
      <line num="20" count="60" type="stmt"/>
      <line num="21" count="60" type="cond" truecount="2" falsecount="0"/>
      <line num="22" count="60" type="cond" truecount="2" falsecount="0"/>
      <line num="23" count="60" type="stmt"/>
      <line num="24" count="60" type="stmt"/>
      <line num="25" count="60" type="stmt"/>
      <line num="26" count="60" type="stmt"/>
      <line num="27" count="60" type="stmt"/>
      <line num="28" count="60" type="stmt"/>
      <line num="29" count="60" type="stmt"/>
      <line num="30" count="1" type="stmt"/>
      <line num="31" count="1" type="stmt"/>
    </file>
    <file name="index.ts" path="/home/nut/react-column-select/src/index.ts">
      <metrics statements="3" coveredstatements="3" conditionals="0" coveredconditionals="0" methods="0" coveredmethods="0"/>
      <line num="1" count="1" type="stmt"/>
      <line num="2" count="1" type="stmt"/>
      <line num="3" count="1" type="stmt"/>
    </file>
    <file name="utils.ts" path="/home/nut/react-column-select/src/utils.ts">
      <metrics statements="5" coveredstatements="5" conditionals="1" coveredconditionals="1" methods="1" coveredmethods="1"/>
      <line num="1" count="1" type="stmt"/>
      <line num="2" count="1" type="stmt"/>
      <line num="3" count="27" type="cond" truecount="1" falsecount="0"/>
      <line num="4" count="27" type="stmt"/>
      <line num="5" count="27" type="stmt"/>
    </file>
  </project>
</coverage>
