{"/home/nut/react-column-select/src/ColumnSelect.tsx": {"path":"/home/nut/react-column-select/src/ColumnSelect.tsx","all":false,"statementMap":{"0":{"start":{"line":1,"column":0},"end":{"line":1,"column":26}},"1":{"start":{"line":2,"column":0},"end":{"line":2,"column":52}},"2":{"start":{"line":3,"column":0},"end":{"line":3,"column":30}},"3":{"start":{"line":4,"column":0},"end":{"line":4,"column":26}},"4":{"start":{"line":5,"column":0},"end":{"line":5,"column":72}},"5":{"start":{"line":6,"column":0},"end":{"line":6,"column":0}},"6":{"start":{"line":7,"column":0},"end":{"line":7,"column":21}},"7":{"start":{"line":8,"column":0},"end":{"line":8,"column":0}},"8":{"start":{"line":9,"column":0},"end":{"line":9,"column":23}},"9":{"start":{"line":10,"column":0},"end":{"line":10,"column":25}},"10":{"start":{"line":11,"column":0},"end":{"line":11,"column":25}},"11":{"start":{"line":12,"column":0},"end":{"line":12,"column":17}},"12":{"start":{"line":13,"column":0},"end":{"line":13,"column":28}},"13":{"start":{"line":14,"column":0},"end":{"line":14,"column":19}},"14":{"start":{"line":15,"column":0},"end":{"line":15,"column":35}},"15":{"start":{"line":16,"column":0},"end":{"line":16,"column":19}},"16":{"start":{"line":17,"column":0},"end":{"line":17,"column":27}},"17":{"start":{"line":18,"column":0},"end":{"line":18,"column":30}},"18":{"start":{"line":19,"column":0},"end":{"line":19,"column":17}},"19":{"start":{"line":20,"column":0},"end":{"line":20,"column":13}},"20":{"start":{"line":21,"column":0},"end":{"line":21,"column":24}},"21":{"start":{"line":22,"column":0},"end":{"line":22,"column":15}},"22":{"start":{"line":23,"column":0},"end":{"line":23,"column":19}},"23":{"start":{"line":24,"column":0},"end":{"line":24,"column":21}},"24":{"start":{"line":25,"column":0},"end":{"line":25,"column":31}},"25":{"start":{"line":26,"column":0},"end":{"line":26,"column":24}},"26":{"start":{"line":27,"column":0},"end":{"line":27,"column":24}},"27":{"start":{"line":28,"column":0},"end":{"line":28,"column":23}},"28":{"start":{"line":29,"column":0},"end":{"line":29,"column":12}},"29":{"start":{"line":30,"column":0},"end":{"line":30,"column":26}},"30":{"start":{"line":31,"column":0},"end":{"line":31,"column":75}},"31":{"start":{"line":32,"column":0},"end":{"line":32,"column":73}},"32":{"start":{"line":33,"column":0},"end":{"line":33,"column":0}},"33":{"start":{"line":34,"column":0},"end":{"line":34,"column":55}},"34":{"start":{"line":35,"column":0},"end":{"line":35,"column":44}},"35":{"start":{"line":36,"column":0},"end":{"line":36,"column":23}},"36":{"start":{"line":37,"column":0},"end":{"line":37,"column":4}},"37":{"start":{"line":38,"column":0},"end":{"line":38,"column":0}},"38":{"start":{"line":39,"column":0},"end":{"line":39,"column":56}},"39":{"start":{"line":40,"column":0},"end":{"line":40,"column":66}},"40":{"start":{"line":41,"column":0},"end":{"line":41,"column":23}},"41":{"start":{"line":42,"column":0},"end":{"line":42,"column":4}},"42":{"start":{"line":43,"column":0},"end":{"line":43,"column":0}},"43":{"start":{"line":44,"column":0},"end":{"line":44,"column":38}},"44":{"start":{"line":45,"column":0},"end":{"line":45,"column":40}},"45":{"start":{"line":46,"column":0},"end":{"line":46,"column":40}},"46":{"start":{"line":47,"column":0},"end":{"line":47,"column":0}},"47":{"start":{"line":48,"column":0},"end":{"line":48,"column":62}},"48":{"start":{"line":49,"column":0},"end":{"line":49,"column":75}},"49":{"start":{"line":50,"column":0},"end":{"line":50,"column":31}},"50":{"start":{"line":51,"column":0},"end":{"line":51,"column":7}},"51":{"start":{"line":52,"column":0},"end":{"line":52,"column":17}},"52":{"start":{"line":53,"column":0},"end":{"line":53,"column":22}},"53":{"start":{"line":54,"column":0},"end":{"line":54,"column":0}},"54":{"start":{"line":55,"column":0},"end":{"line":55,"column":32}},"55":{"start":{"line":56,"column":0},"end":{"line":56,"column":21}},"56":{"start":{"line":57,"column":0},"end":{"line":57,"column":46}},"57":{"start":{"line":58,"column":0},"end":{"line":58,"column":5}},"58":{"start":{"line":59,"column":0},"end":{"line":59,"column":0}},"59":{"start":{"line":60,"column":0},"end":{"line":60,"column":24}},"60":{"start":{"line":61,"column":0},"end":{"line":61,"column":0}},"61":{"start":{"line":62,"column":0},"end":{"line":62,"column":27}},"62":{"start":{"line":63,"column":0},"end":{"line":63,"column":4}},"63":{"start":{"line":64,"column":0},"end":{"line":64,"column":0}},"64":{"start":{"line":65,"column":0},"end":{"line":65,"column":40}},"65":{"start":{"line":66,"column":0},"end":{"line":66,"column":40}},"66":{"start":{"line":67,"column":0},"end":{"line":67,"column":37}},"67":{"start":{"line":68,"column":0},"end":{"line":68,"column":0}},"68":{"start":{"line":69,"column":0},"end":{"line":69,"column":43}},"69":{"start":{"line":70,"column":0},"end":{"line":70,"column":57}},"70":{"start":{"line":71,"column":0},"end":{"line":71,"column":33}},"71":{"start":{"line":72,"column":0},"end":{"line":72,"column":19}},"72":{"start":{"line":73,"column":0},"end":{"line":73,"column":8}},"73":{"start":{"line":74,"column":0},"end":{"line":74,"column":8}},"74":{"start":{"line":75,"column":0},"end":{"line":75,"column":6}},"75":{"start":{"line":76,"column":0},"end":{"line":76,"column":0}},"76":{"start":{"line":77,"column":0},"end":{"line":77,"column":68}},"77":{"start":{"line":78,"column":0},"end":{"line":78,"column":36}},"78":{"start":{"line":79,"column":0},"end":{"line":79,"column":24}},"79":{"start":{"line":80,"column":0},"end":{"line":80,"column":7}},"80":{"start":{"line":81,"column":0},"end":{"line":81,"column":17}},"81":{"start":{"line":82,"column":0},"end":{"line":82,"column":11}},"82":{"start":{"line":83,"column":0},"end":{"line":83,"column":0}},"83":{"start":{"line":84,"column":0},"end":{"line":84,"column":23}},"84":{"start":{"line":85,"column":0},"end":{"line":85,"column":4}},"85":{"start":{"line":86,"column":0},"end":{"line":86,"column":0}},"86":{"start":{"line":87,"column":0},"end":{"line":87,"column":45}},"87":{"start":{"line":88,"column":0},"end":{"line":88,"column":64}},"88":{"start":{"line":89,"column":0},"end":{"line":89,"column":47}},"89":{"start":{"line":90,"column":0},"end":{"line":90,"column":25}},"90":{"start":{"line":91,"column":0},"end":{"line":91,"column":7}},"91":{"start":{"line":92,"column":0},"end":{"line":92,"column":0}},"92":{"start":{"line":93,"column":0},"end":{"line":93,"column":17}},"93":{"start":{"line":94,"column":0},"end":{"line":94,"column":11}},"94":{"start":{"line":95,"column":0},"end":{"line":95,"column":0}},"95":{"start":{"line":96,"column":0},"end":{"line":96,"column":27}},"96":{"start":{"line":97,"column":0},"end":{"line":97,"column":46}},"97":{"start":{"line":98,"column":0},"end":{"line":98,"column":42}},"98":{"start":{"line":99,"column":0},"end":{"line":99,"column":61}},"99":{"start":{"line":100,"column":0},"end":{"line":100,"column":9}},"100":{"start":{"line":101,"column":0},"end":{"line":101,"column":5}},"101":{"start":{"line":102,"column":0},"end":{"line":102,"column":0}},"102":{"start":{"line":103,"column":0},"end":{"line":103,"column":44}},"103":{"start":{"line":104,"column":0},"end":{"line":104,"column":41}},"104":{"start":{"line":105,"column":0},"end":{"line":105,"column":53}},"105":{"start":{"line":106,"column":0},"end":{"line":106,"column":64}},"106":{"start":{"line":107,"column":0},"end":{"line":107,"column":9}},"107":{"start":{"line":108,"column":0},"end":{"line":108,"column":0}},"108":{"start":{"line":109,"column":0},"end":{"line":109,"column":22}},"109":{"start":{"line":110,"column":0},"end":{"line":110,"column":9}},"110":{"start":{"line":111,"column":0},"end":{"line":111,"column":5}},"111":{"start":{"line":112,"column":0},"end":{"line":112,"column":0}},"112":{"start":{"line":113,"column":0},"end":{"line":113,"column":22}},"113":{"start":{"line":114,"column":0},"end":{"line":114,"column":21}},"114":{"start":{"line":115,"column":0},"end":{"line":115,"column":5}},"115":{"start":{"line":116,"column":0},"end":{"line":116,"column":0}},"116":{"start":{"line":117,"column":0},"end":{"line":117,"column":26}},"117":{"start":{"line":118,"column":0},"end":{"line":118,"column":75}},"118":{"start":{"line":119,"column":0},"end":{"line":119,"column":5}},"119":{"start":{"line":120,"column":0},"end":{"line":120,"column":0}},"120":{"start":{"line":121,"column":0},"end":{"line":121,"column":19}},"121":{"start":{"line":122,"column":0},"end":{"line":122,"column":4}},"122":{"start":{"line":123,"column":0},"end":{"line":123,"column":0}},"123":{"start":{"line":124,"column":0},"end":{"line":124,"column":42}},"124":{"start":{"line":125,"column":0},"end":{"line":125,"column":64}},"125":{"start":{"line":126,"column":0},"end":{"line":126,"column":47}},"126":{"start":{"line":127,"column":0},"end":{"line":127,"column":25}},"127":{"start":{"line":128,"column":0},"end":{"line":128,"column":7}},"128":{"start":{"line":129,"column":0},"end":{"line":129,"column":17}},"129":{"start":{"line":130,"column":0},"end":{"line":130,"column":11}},"130":{"start":{"line":131,"column":0},"end":{"line":131,"column":0}},"131":{"start":{"line":132,"column":0},"end":{"line":132,"column":22}},"132":{"start":{"line":133,"column":0},"end":{"line":133,"column":22}},"133":{"start":{"line":134,"column":0},"end":{"line":134,"column":5}},"134":{"start":{"line":135,"column":0},"end":{"line":135,"column":0}},"135":{"start":{"line":136,"column":0},"end":{"line":136,"column":25}},"136":{"start":{"line":137,"column":0},"end":{"line":137,"column":75}},"137":{"start":{"line":138,"column":0},"end":{"line":138,"column":5}},"138":{"start":{"line":139,"column":0},"end":{"line":139,"column":0}},"139":{"start":{"line":140,"column":0},"end":{"line":140,"column":20}},"140":{"start":{"line":141,"column":0},"end":{"line":141,"column":4}},"141":{"start":{"line":142,"column":0},"end":{"line":142,"column":0}},"142":{"start":{"line":143,"column":0},"end":{"line":143,"column":74}},"143":{"start":{"line":144,"column":0},"end":{"line":144,"column":40}},"144":{"start":{"line":145,"column":0},"end":{"line":145,"column":4}},"145":{"start":{"line":146,"column":0},"end":{"line":146,"column":0}},"146":{"start":{"line":147,"column":0},"end":{"line":147,"column":72}},"147":{"start":{"line":148,"column":0},"end":{"line":148,"column":38}},"148":{"start":{"line":149,"column":0},"end":{"line":149,"column":4}},"149":{"start":{"line":150,"column":0},"end":{"line":150,"column":0}},"150":{"start":{"line":151,"column":0},"end":{"line":151,"column":79}},"151":{"start":{"line":152,"column":0},"end":{"line":152,"column":27}},"152":{"start":{"line":153,"column":0},"end":{"line":153,"column":14}},"153":{"start":{"line":154,"column":0},"end":{"line":154,"column":15}},"154":{"start":{"line":155,"column":0},"end":{"line":155,"column":23}},"155":{"start":{"line":156,"column":0},"end":{"line":156,"column":43}},"156":{"start":{"line":157,"column":0},"end":{"line":157,"column":31}},"157":{"start":{"line":158,"column":0},"end":{"line":158,"column":29}},"158":{"start":{"line":159,"column":0},"end":{"line":159,"column":35}},"159":{"start":{"line":160,"column":0},"end":{"line":160,"column":29}},"160":{"start":{"line":161,"column":0},"end":{"line":161,"column":10}},"161":{"start":{"line":162,"column":0},"end":{"line":162,"column":8}},"162":{"start":{"line":163,"column":0},"end":{"line":163,"column":5}},"163":{"start":{"line":164,"column":0},"end":{"line":164,"column":49}},"164":{"start":{"line":165,"column":0},"end":{"line":165,"column":22}},"165":{"start":{"line":166,"column":0},"end":{"line":166,"column":16}},"166":{"start":{"line":167,"column":0},"end":{"line":167,"column":15}},"167":{"start":{"line":168,"column":0},"end":{"line":168,"column":15}},"168":{"start":{"line":169,"column":0},"end":{"line":169,"column":18}},"169":{"start":{"line":170,"column":0},"end":{"line":170,"column":11}},"170":{"start":{"line":171,"column":0},"end":{"line":171,"column":7}},"171":{"start":{"line":172,"column":0},"end":{"line":172,"column":4}},"172":{"start":{"line":173,"column":0},"end":{"line":173,"column":0}},"173":{"start":{"line":174,"column":0},"end":{"line":174,"column":10}},"174":{"start":{"line":175,"column":0},"end":{"line":175,"column":76}},"175":{"start":{"line":176,"column":0},"end":{"line":176,"column":44}},"176":{"start":{"line":177,"column":0},"end":{"line":177,"column":39}},"177":{"start":{"line":178,"column":0},"end":{"line":178,"column":59}},"178":{"start":{"line":179,"column":0},"end":{"line":179,"column":29}},"179":{"start":{"line":180,"column":0},"end":{"line":180,"column":16}},"180":{"start":{"line":181,"column":0},"end":{"line":181,"column":0}},"181":{"start":{"line":182,"column":0},"end":{"line":182,"column":80}},"182":{"start":{"line":183,"column":0},"end":{"line":183,"column":14}},"183":{"start":{"line":184,"column":0},"end":{"line":184,"column":15}},"184":{"start":{"line":185,"column":0},"end":{"line":185,"column":0}},"185":{"start":{"line":186,"column":0},"end":{"line":186,"column":21}},"186":{"start":{"line":187,"column":0},"end":{"line":187,"column":42}},"187":{"start":{"line":188,"column":0},"end":{"line":188,"column":56}},"188":{"start":{"line":189,"column":0},"end":{"line":189,"column":72}},"189":{"start":{"line":190,"column":0},"end":{"line":190,"column":16}},"190":{"start":{"line":191,"column":0},"end":{"line":191,"column":0}},"191":{"start":{"line":192,"column":0},"end":{"line":192,"column":56}},"192":{"start":{"line":193,"column":0},"end":{"line":193,"column":70}},"193":{"start":{"line":194,"column":0},"end":{"line":194,"column":16}},"194":{"start":{"line":195,"column":0},"end":{"line":195,"column":14}},"195":{"start":{"line":196,"column":0},"end":{"line":196,"column":15}},"196":{"start":{"line":197,"column":0},"end":{"line":197,"column":0}},"197":{"start":{"line":198,"column":0},"end":{"line":198,"column":34}},"198":{"start":{"line":199,"column":0},"end":{"line":199,"column":57}},"199":{"start":{"line":200,"column":0},"end":{"line":200,"column":15}},"200":{"start":{"line":201,"column":0},"end":{"line":201,"column":41}},"201":{"start":{"line":202,"column":0},"end":{"line":202,"column":31}},"202":{"start":{"line":203,"column":0},"end":{"line":203,"column":42}},"203":{"start":{"line":204,"column":0},"end":{"line":204,"column":12}},"204":{"start":{"line":205,"column":0},"end":{"line":205,"column":14}},"205":{"start":{"line":206,"column":0},"end":{"line":206,"column":0}},"206":{"start":{"line":207,"column":0},"end":{"line":207,"column":25}},"207":{"start":{"line":208,"column":0},"end":{"line":208,"column":58}},"208":{"start":{"line":209,"column":0},"end":{"line":209,"column":19}},"209":{"start":{"line":210,"column":0},"end":{"line":210,"column":64}},"210":{"start":{"line":211,"column":0},"end":{"line":211,"column":35}},"211":{"start":{"line":212,"column":0},"end":{"line":212,"column":27}},"212":{"start":{"line":213,"column":0},"end":{"line":213,"column":24}},"213":{"start":{"line":214,"column":0},"end":{"line":214,"column":50}},"214":{"start":{"line":215,"column":0},"end":{"line":215,"column":56}},"215":{"start":{"line":216,"column":0},"end":{"line":216,"column":24}},"216":{"start":{"line":217,"column":0},"end":{"line":217,"column":15}},"217":{"start":{"line":218,"column":0},"end":{"line":218,"column":44}},"218":{"start":{"line":219,"column":0},"end":{"line":219,"column":14}},"219":{"start":{"line":220,"column":0},"end":{"line":220,"column":0}},"220":{"start":{"line":221,"column":0},"end":{"line":221,"column":19}},"221":{"start":{"line":222,"column":0},"end":{"line":222,"column":66}},"222":{"start":{"line":223,"column":0},"end":{"line":223,"column":37}},"223":{"start":{"line":224,"column":0},"end":{"line":224,"column":27}},"224":{"start":{"line":225,"column":0},"end":{"line":225,"column":50}},"225":{"start":{"line":226,"column":0},"end":{"line":226,"column":46}},"226":{"start":{"line":227,"column":0},"end":{"line":227,"column":14}},"227":{"start":{"line":228,"column":0},"end":{"line":228,"column":16}},"228":{"start":{"line":229,"column":0},"end":{"line":229,"column":17}},"229":{"start":{"line":230,"column":0},"end":{"line":230,"column":0}},"230":{"start":{"line":231,"column":0},"end":{"line":231,"column":56}},"231":{"start":{"line":232,"column":0},"end":{"line":232,"column":15}},"232":{"start":{"line":233,"column":0},"end":{"line":233,"column":38}},"233":{"start":{"line":234,"column":0},"end":{"line":234,"column":31}},"234":{"start":{"line":235,"column":0},"end":{"line":235,"column":41}},"235":{"start":{"line":236,"column":0},"end":{"line":236,"column":12}},"236":{"start":{"line":237,"column":0},"end":{"line":237,"column":14}},"237":{"start":{"line":238,"column":0},"end":{"line":238,"column":12}},"238":{"start":{"line":239,"column":0},"end":{"line":239,"column":0}},"239":{"start":{"line":240,"column":0},"end":{"line":240,"column":44}},"240":{"start":{"line":241,"column":0},"end":{"line":241,"column":38}},"241":{"start":{"line":242,"column":0},"end":{"line":242,"column":59}},"242":{"start":{"line":243,"column":0},"end":{"line":243,"column":29}},"243":{"start":{"line":244,"column":0},"end":{"line":244,"column":16}},"244":{"start":{"line":245,"column":0},"end":{"line":245,"column":0}},"245":{"start":{"line":246,"column":0},"end":{"line":246,"column":80}},"246":{"start":{"line":247,"column":0},"end":{"line":247,"column":14}},"247":{"start":{"line":248,"column":0},"end":{"line":248,"column":15}},"248":{"start":{"line":249,"column":0},"end":{"line":249,"column":10}},"249":{"start":{"line":250,"column":0},"end":{"line":250,"column":4}},"250":{"start":{"line":251,"column":0},"end":{"line":251,"column":2}},"251":{"start":{"line":252,"column":0},"end":{"line":252,"column":0}},"252":{"start":{"line":253,"column":0},"end":{"line":253,"column":28}}},"s":{"0":1,"1":1,"2":1,"3":1,"4":1,"5":1,"6":1,"7":1,"8":1,"9":56,"10":56,"11":56,"12":56,"13":56,"14":56,"15":56,"16":56,"17":56,"18":56,"19":56,"20":56,"21":56,"22":56,"23":56,"24":56,"25":56,"26":56,"27":56,"28":56,"29":56,"30":56,"31":56,"32":56,"33":56,"34":1,"35":1,"36":56,"37":56,"38":56,"39":1,"40":1,"41":56,"42":56,"43":56,"44":3,"45":3,"46":3,"47":3,"48":8,"49":6,"50":6,"51":8,"52":3,"53":3,"54":3,"55":3,"56":1,"57":1,"58":3,"59":3,"60":3,"61":3,"62":56,"63":56,"64":56,"65":1,"66":1,"67":1,"68":1,"69":1,"70":2,"71":2,"72":1,"73":1,"74":1,"75":1,"76":1,"77":5,"78":3,"79":3,"80":5,"81":1,"82":1,"83":1,"84":56,"85":56,"86":56,"87":59,"88":88,"89":49,"90":49,"91":88,"92":88,"93":59,"94":59,"95":59,"96":59,"97":1,"98":2,"99":1,"100":1,"101":59,"102":59,"103":1,"104":2,"105":1,"106":1,"107":1,"108":1,"109":1,"110":1,"111":59,"112":59,"113":22,"114":22,"115":37,"116":59,"117":24,"118":24,"119":13,"120":13,"121":56,"122":56,"123":56,"124":57,"125":81,"126":42,"127":42,"128":81,"129":57,"130":57,"131":57,"132":20,"133":20,"134":37,"135":57,"136":11,"137":11,"138":26,"139":26,"140":56,"141":56,"142":56,"143":16,"144":56,"145":56,"146":56,"147":10,"148":56,"149":56,"150":56,"151":72,"152":70,"153":70,"154":70,"155":70,"156":70,"157":70,"158":70,"159":70,"160":70,"161":70,"162":70,"163":2,"164":2,"165":2,"166":2,"167":2,"168":2,"169":2,"170":2,"171":56,"172":56,"173":56,"174":56,"175":56,"176":1,"177":1,"178":1,"179":1,"180":1,"181":1,"182":1,"183":56,"184":56,"185":56,"186":36,"187":36,"188":36,"189":36,"190":36,"191":36,"192":36,"193":36,"194":36,"195":56,"196":56,"197":56,"198":56,"199":56,"200":56,"201":56,"202":56,"203":56,"204":56,"205":56,"206":56,"207":11,"208":11,"209":11,"210":11,"211":11,"212":11,"213":11,"214":11,"215":6,"216":11,"217":11,"218":11,"219":11,"220":11,"221":11,"222":11,"223":11,"224":11,"225":11,"226":11,"227":11,"228":56,"229":56,"230":56,"231":56,"232":56,"233":56,"234":56,"235":56,"236":56,"237":56,"238":56,"239":56,"240":1,"241":1,"242":1,"243":1,"244":1,"245":1,"246":1,"247":56,"248":56,"249":56,"250":56,"251":1,"252":1},"branchMap":{"0":{"type":"branch","line":9,"loc":{"start":{"line":9,"column":21},"end":{"line":251,"column":2}},"locations":[{"start":{"line":9,"column":21},"end":{"line":251,"column":2}}]},"1":{"type":"branch","line":175,"loc":{"start":{"line":175,"column":37},"end":{"line":175,"column":54}},"locations":[{"start":{"line":175,"column":37},"end":{"line":175,"column":54}}]},"2":{"type":"branch","line":175,"loc":{"start":{"line":175,"column":55},"end":{"line":175,"column":59}},"locations":[{"start":{"line":175,"column":55},"end":{"line":175,"column":59}}]},"3":{"type":"branch","line":176,"loc":{"start":{"line":176,"column":22},"end":{"line":176,"column":40}},"locations":[{"start":{"line":176,"column":22},"end":{"line":176,"column":40}}]},"4":{"type":"branch","line":176,"loc":{"start":{"line":176,"column":41},"end":{"line":183,"column":14}},"locations":[{"start":{"line":176,"column":41},"end":{"line":183,"column":14}}]},"5":{"type":"branch","line":184,"loc":{"start":{"line":184,"column":8},"end":{"line":184,"column":14}},"locations":[{"start":{"line":184,"column":8},"end":{"line":184,"column":14}}]},"6":{"type":"branch","line":186,"loc":{"start":{"line":186,"column":18},"end":{"line":195,"column":14}},"locations":[{"start":{"line":186,"column":18},"end":{"line":195,"column":14}}]},"7":{"type":"branch","line":196,"loc":{"start":{"line":196,"column":8},"end":{"line":196,"column":14}},"locations":[{"start":{"line":196,"column":8},"end":{"line":196,"column":14}}]},"8":{"type":"branch","line":207,"loc":{"start":{"line":207,"column":22},"end":{"line":228,"column":16}},"locations":[{"start":{"line":207,"column":22},"end":{"line":228,"column":16}}]},"9":{"type":"branch","line":214,"loc":{"start":{"line":214,"column":47},"end":{"line":215,"column":53}},"locations":[{"start":{"line":214,"column":47},"end":{"line":215,"column":53}}]},"10":{"type":"branch","line":215,"loc":{"start":{"line":215,"column":38},"end":{"line":215,"column":52}},"locations":[{"start":{"line":215,"column":38},"end":{"line":215,"column":52}}]},"11":{"type":"branch","line":215,"loc":{"start":{"line":215,"column":53},"end":{"line":216,"column":24}},"locations":[{"start":{"line":215,"column":53},"end":{"line":216,"column":24}}]},"12":{"type":"branch","line":225,"loc":{"start":{"line":225,"column":37},"end":{"line":225,"column":49}},"locations":[{"start":{"line":225,"column":37},"end":{"line":225,"column":49}}]},"13":{"type":"branch","line":229,"loc":{"start":{"line":229,"column":10},"end":{"line":229,"column":16}},"locations":[{"start":{"line":229,"column":10},"end":{"line":229,"column":16}}]},"14":{"type":"branch","line":240,"loc":{"start":{"line":240,"column":22},"end":{"line":240,"column":40}},"locations":[{"start":{"line":240,"column":22},"end":{"line":240,"column":40}}]},"15":{"type":"branch","line":240,"loc":{"start":{"line":240,"column":41},"end":{"line":247,"column":14}},"locations":[{"start":{"line":240,"column":41},"end":{"line":247,"column":14}}]},"16":{"type":"branch","line":248,"loc":{"start":{"line":248,"column":8},"end":{"line":248,"column":14}},"locations":[{"start":{"line":248,"column":8},"end":{"line":248,"column":14}}]},"17":{"type":"branch","line":34,"loc":{"start":{"line":34,"column":31},"end":{"line":37,"column":3}},"locations":[{"start":{"line":34,"column":31},"end":{"line":37,"column":3}}]},"18":{"type":"branch","line":39,"loc":{"start":{"line":39,"column":30},"end":{"line":42,"column":3}},"locations":[{"start":{"line":39,"column":30},"end":{"line":42,"column":3}}]},"19":{"type":"branch","line":44,"loc":{"start":{"line":44,"column":31},"end":{"line":63,"column":3}},"locations":[{"start":{"line":44,"column":31},"end":{"line":63,"column":3}}]},"20":{"type":"branch","line":56,"loc":{"start":{"line":56,"column":20},"end":{"line":58,"column":5}},"locations":[{"start":{"line":56,"column":20},"end":{"line":58,"column":5}}]},"21":{"type":"branch","line":48,"loc":{"start":{"line":48,"column":36},"end":{"line":53,"column":5}},"locations":[{"start":{"line":48,"column":36},"end":{"line":53,"column":5}}]},"22":{"type":"branch","line":49,"loc":{"start":{"line":49,"column":26},"end":{"line":49,"column":72}},"locations":[{"start":{"line":49,"column":26},"end":{"line":49,"column":72}}]},"23":{"type":"branch","line":49,"loc":{"start":{"line":49,"column":74},"end":{"line":51,"column":7}},"locations":[{"start":{"line":49,"column":74},"end":{"line":51,"column":7}}]},"24":{"type":"branch","line":65,"loc":{"start":{"line":65,"column":33},"end":{"line":85,"column":3}},"locations":[{"start":{"line":65,"column":33},"end":{"line":85,"column":3}}]},"25":{"type":"branch","line":70,"loc":{"start":{"line":70,"column":6},"end":{"line":73,"column":7}},"locations":[{"start":{"line":70,"column":6},"end":{"line":73,"column":7}}]},"26":{"type":"branch","line":77,"loc":{"start":{"line":77,"column":42},"end":{"line":82,"column":5}},"locations":[{"start":{"line":77,"column":42},"end":{"line":82,"column":5}}]},"27":{"type":"branch","line":78,"loc":{"start":{"line":78,"column":35},"end":{"line":80,"column":7}},"locations":[{"start":{"line":78,"column":35},"end":{"line":80,"column":7}}]},"28":{"type":"branch","line":87,"loc":{"start":{"line":87,"column":28},"end":{"line":122,"column":3}},"locations":[{"start":{"line":87,"column":28},"end":{"line":122,"column":3}}]},"29":{"type":"branch","line":97,"loc":{"start":{"line":97,"column":18},"end":{"line":97,"column":43}},"locations":[{"start":{"line":97,"column":18},"end":{"line":97,"column":43}}]},"30":{"type":"branch","line":97,"loc":{"start":{"line":97,"column":45},"end":{"line":101,"column":5}},"locations":[{"start":{"line":97,"column":45},"end":{"line":101,"column":5}}]},"31":{"type":"branch","line":103,"loc":{"start":{"line":103,"column":43},"end":{"line":111,"column":5}},"locations":[{"start":{"line":103,"column":43},"end":{"line":111,"column":5}}]},"32":{"type":"branch","line":113,"loc":{"start":{"line":113,"column":21},"end":{"line":115,"column":5}},"locations":[{"start":{"line":113,"column":21},"end":{"line":115,"column":5}}]},"33":{"type":"branch","line":116,"loc":{"start":{"line":116,"column":-1},"end":{"line":117,"column":25}},"locations":[{"start":{"line":116,"column":-1},"end":{"line":117,"column":25}}]},"34":{"type":"branch","line":117,"loc":{"start":{"line":117,"column":25},"end":{"line":119,"column":5}},"locations":[{"start":{"line":117,"column":25},"end":{"line":119,"column":5}}]},"35":{"type":"branch","line":120,"loc":{"start":{"line":120,"column":-1},"end":{"line":122,"column":3}},"locations":[{"start":{"line":120,"column":-1},"end":{"line":122,"column":3}}]},"36":{"type":"branch","line":88,"loc":{"start":{"line":88,"column":36},"end":{"line":94,"column":5}},"locations":[{"start":{"line":88,"column":36},"end":{"line":94,"column":5}}]},"37":{"type":"branch","line":89,"loc":{"start":{"line":89,"column":46},"end":{"line":91,"column":7}},"locations":[{"start":{"line":89,"column":46},"end":{"line":91,"column":7}}]},"38":{"type":"branch","line":98,"loc":{"start":{"line":98,"column":29},"end":{"line":100,"column":7}},"locations":[{"start":{"line":98,"column":29},"end":{"line":100,"column":7}}]},"39":{"type":"branch","line":104,"loc":{"start":{"line":104,"column":28},"end":{"line":110,"column":7}},"locations":[{"start":{"line":104,"column":28},"end":{"line":110,"column":7}}]},"40":{"type":"branch","line":105,"loc":{"start":{"line":105,"column":52},"end":{"line":110,"column":7}},"locations":[{"start":{"line":105,"column":52},"end":{"line":110,"column":7}}]},"41":{"type":"branch","line":118,"loc":{"start":{"line":118,"column":28},"end":{"line":118,"column":73}},"locations":[{"start":{"line":118,"column":28},"end":{"line":118,"column":73}}]},"42":{"type":"branch","line":124,"loc":{"start":{"line":124,"column":25},"end":{"line":141,"column":3}},"locations":[{"start":{"line":124,"column":25},"end":{"line":141,"column":3}}]},"43":{"type":"branch","line":132,"loc":{"start":{"line":132,"column":21},"end":{"line":134,"column":5}},"locations":[{"start":{"line":132,"column":21},"end":{"line":134,"column":5}}]},"44":{"type":"branch","line":135,"loc":{"start":{"line":135,"column":-1},"end":{"line":136,"column":24}},"locations":[{"start":{"line":135,"column":-1},"end":{"line":136,"column":24}}]},"45":{"type":"branch","line":136,"loc":{"start":{"line":136,"column":24},"end":{"line":138,"column":5}},"locations":[{"start":{"line":136,"column":24},"end":{"line":138,"column":5}}]},"46":{"type":"branch","line":139,"loc":{"start":{"line":139,"column":-1},"end":{"line":141,"column":3}},"locations":[{"start":{"line":139,"column":-1},"end":{"line":141,"column":3}}]},"47":{"type":"branch","line":125,"loc":{"start":{"line":125,"column":36},"end":{"line":130,"column":5}},"locations":[{"start":{"line":125,"column":36},"end":{"line":130,"column":5}}]},"48":{"type":"branch","line":126,"loc":{"start":{"line":126,"column":46},"end":{"line":128,"column":7}},"locations":[{"start":{"line":126,"column":46},"end":{"line":128,"column":7}}]},"49":{"type":"branch","line":137,"loc":{"start":{"line":137,"column":29},"end":{"line":137,"column":73}},"locations":[{"start":{"line":137,"column":29},"end":{"line":137,"column":73}}]},"50":{"type":"branch","line":143,"loc":{"start":{"line":143,"column":38},"end":{"line":145,"column":3}},"locations":[{"start":{"line":143,"column":38},"end":{"line":145,"column":3}}]},"51":{"type":"branch","line":147,"loc":{"start":{"line":147,"column":37},"end":{"line":149,"column":3}},"locations":[{"start":{"line":147,"column":37},"end":{"line":149,"column":3}}]},"52":{"type":"branch","line":151,"loc":{"start":{"line":151,"column":23},"end":{"line":172,"column":3}},"locations":[{"start":{"line":151,"column":23},"end":{"line":172,"column":3}}]},"53":{"type":"branch","line":152,"loc":{"start":{"line":152,"column":26},"end":{"line":163,"column":5}},"locations":[{"start":{"line":152,"column":26},"end":{"line":163,"column":5}}]},"54":{"type":"branch","line":164,"loc":{"start":{"line":164,"column":-1},"end":{"line":172,"column":3}},"locations":[{"start":{"line":164,"column":-1},"end":{"line":172,"column":3}}]}},"b":{"0":[56],"1":[4],"2":[52],"3":[55],"4":[1],"5":[55],"6":[36],"7":[20],"8":[11],"9":[6],"10":[5],"11":[6],"12":[8],"13":[45],"14":[55],"15":[1],"16":[55],"17":[1],"18":[1],"19":[3],"20":[1],"21":[8],"22":[6],"23":[6],"24":[1],"25":[2],"26":[5],"27":[3],"28":[59],"29":[3],"30":[1],"31":[1],"32":[22],"33":[37],"34":[24],"35":[13],"36":[88],"37":[49],"38":[2],"39":[2],"40":[1],"41":[20],"42":[57],"43":[20],"44":[37],"45":[11],"46":[26],"47":[81],"48":[42],"49":[19],"50":[16],"51":[10],"52":[72],"53":[70],"54":[2]},"fnMap":{"0":{"name":"ColumnSelect","decl":{"start":{"line":9,"column":21},"end":{"line":251,"column":2}},"loc":{"start":{"line":9,"column":21},"end":{"line":251,"column":2}},"line":9},"1":{"name":"onChange","decl":{"start":{"line":21,"column":13},"end":{"line":21,"column":23}},"loc":{"start":{"line":21,"column":13},"end":{"line":21,"column":23}},"line":21},"2":{"name":"handleClickAvailable","decl":{"start":{"line":34,"column":31},"end":{"line":37,"column":3}},"loc":{"start":{"line":34,"column":31},"end":{"line":37,"column":3}},"line":34},"3":{"name":"handleClickSelected","decl":{"start":{"line":39,"column":30},"end":{"line":42,"column":3}},"loc":{"start":{"line":39,"column":30},"end":{"line":42,"column":3}},"line":39},"4":{"name":"handleClickSelectAll","decl":{"start":{"line":44,"column":31},"end":{"line":63,"column":3}},"loc":{"start":{"line":44,"column":31},"end":{"line":63,"column":3}},"line":44},"5":{"name":"handleClickDeselectAll","decl":{"start":{"line":65,"column":33},"end":{"line":85,"column":3}},"loc":{"start":{"line":65,"column":33},"end":{"line":85,"column":3}},"line":65},"6":{"name":"filterAvailableFn","decl":{"start":{"line":87,"column":28},"end":{"line":122,"column":3}},"loc":{"start":{"line":87,"column":28},"end":{"line":122,"column":3}},"line":87},"7":{"name":"filterActiveFn","decl":{"start":{"line":124,"column":25},"end":{"line":141,"column":3}},"loc":{"start":{"line":124,"column":25},"end":{"line":141,"column":3}},"line":124},"8":{"name":"handleChangeFilterAvailable","decl":{"start":{"line":143,"column":38},"end":{"line":145,"column":3}},"loc":{"start":{"line":143,"column":38},"end":{"line":145,"column":3}},"line":143},"9":{"name":"handleChangeFilterSelected","decl":{"start":{"line":147,"column":37},"end":{"line":149,"column":3}},"loc":{"start":{"line":147,"column":37},"end":{"line":149,"column":3}},"line":147},"10":{"name":"renderFilter","decl":{"start":{"line":151,"column":23},"end":{"line":172,"column":3}},"loc":{"start":{"line":151,"column":23},"end":{"line":172,"column":3}},"line":151}},"f":{"0":56,"1":0,"2":1,"3":1,"4":3,"5":1,"6":59,"7":57,"8":16,"9":10,"10":72}}
,"/home/nut/react-column-select/src/Filter.tsx": {"path":"/home/nut/react-column-select/src/Filter.tsx","all":false,"statementMap":{"0":{"start":{"line":1,"column":0},"end":{"line":1,"column":26}},"1":{"start":{"line":2,"column":0},"end":{"line":2,"column":45}},"2":{"start":{"line":3,"column":0},"end":{"line":3,"column":0}},"3":{"start":{"line":4,"column":0},"end":{"line":4,"column":17}},"4":{"start":{"line":5,"column":0},"end":{"line":5,"column":18}},"5":{"start":{"line":6,"column":0},"end":{"line":6,"column":12}},"6":{"start":{"line":7,"column":0},"end":{"line":7,"column":11}},"7":{"start":{"line":8,"column":0},"end":{"line":8,"column":11}},"8":{"start":{"line":9,"column":0},"end":{"line":9,"column":14}},"9":{"start":{"line":10,"column":0},"end":{"line":10,"column":7}},"10":{"start":{"line":11,"column":0},"end":{"line":11,"column":20}},"11":{"start":{"line":12,"column":0},"end":{"line":12,"column":72}},"12":{"start":{"line":13,"column":0},"end":{"line":13,"column":33}},"13":{"start":{"line":14,"column":0},"end":{"line":14,"column":4}},"14":{"start":{"line":15,"column":0},"end":{"line":15,"column":0}},"15":{"start":{"line":16,"column":0},"end":{"line":16,"column":34}},"16":{"start":{"line":17,"column":0},"end":{"line":17,"column":17}},"17":{"start":{"line":18,"column":0},"end":{"line":18,"column":4}},"18":{"start":{"line":19,"column":0},"end":{"line":19,"column":0}},"19":{"start":{"line":20,"column":0},"end":{"line":20,"column":10}},"20":{"start":{"line":21,"column":0},"end":{"line":21,"column":34}},"21":{"start":{"line":22,"column":0},"end":{"line":22,"column":12}},"22":{"start":{"line":23,"column":0},"end":{"line":23,"column":38}},"23":{"start":{"line":24,"column":0},"end":{"line":24,"column":19}},"24":{"start":{"line":25,"column":0},"end":{"line":25,"column":27}},"25":{"start":{"line":26,"column":0},"end":{"line":26,"column":33}},"26":{"start":{"line":27,"column":0},"end":{"line":27,"column":21}},"27":{"start":{"line":28,"column":0},"end":{"line":28,"column":31}},"28":{"start":{"line":29,"column":0},"end":{"line":29,"column":8}},"29":{"start":{"line":30,"column":0},"end":{"line":30,"column":42}},"30":{"start":{"line":31,"column":0},"end":{"line":31,"column":13}},"31":{"start":{"line":32,"column":0},"end":{"line":32,"column":40}},"32":{"start":{"line":33,"column":0},"end":{"line":33,"column":33}},"33":{"start":{"line":34,"column":0},"end":{"line":34,"column":36}},"34":{"start":{"line":35,"column":0},"end":{"line":35,"column":10}},"35":{"start":{"line":36,"column":0},"end":{"line":36,"column":15}},"36":{"start":{"line":37,"column":0},"end":{"line":37,"column":10}},"37":{"start":{"line":38,"column":0},"end":{"line":38,"column":4}},"38":{"start":{"line":39,"column":0},"end":{"line":39,"column":2}},"39":{"start":{"line":40,"column":0},"end":{"line":40,"column":0}},"40":{"start":{"line":41,"column":0},"end":{"line":41,"column":22}}},"s":{"0":1,"1":1,"2":1,"3":1,"4":70,"5":70,"6":70,"7":70,"8":70,"9":70,"10":70,"11":70,"12":25,"13":70,"14":70,"15":70,"16":1,"17":70,"18":70,"19":70,"20":70,"21":70,"22":70,"23":70,"24":70,"25":70,"26":70,"27":70,"28":70,"29":70,"30":30,"31":30,"32":30,"33":30,"34":30,"35":70,"36":70,"37":70,"38":70,"39":1,"40":1},"branchMap":{"0":{"type":"branch","line":4,"loc":{"start":{"line":4,"column":15},"end":{"line":39,"column":2}},"locations":[{"start":{"line":4,"column":15},"end":{"line":39,"column":2}}]},"1":{"type":"branch","line":30,"loc":{"start":{"line":30,"column":16},"end":{"line":30,"column":25}},"locations":[{"start":{"line":30,"column":16},"end":{"line":30,"column":25}}]},"2":{"type":"branch","line":30,"loc":{"start":{"line":30,"column":25},"end":{"line":30,"column":38}},"locations":[{"start":{"line":30,"column":25},"end":{"line":30,"column":38}}]},"3":{"type":"branch","line":30,"loc":{"start":{"line":30,"column":39},"end":{"line":35,"column":10}},"locations":[{"start":{"line":30,"column":39},"end":{"line":35,"column":10}}]},"4":{"type":"branch","line":36,"loc":{"start":{"line":36,"column":8},"end":{"line":36,"column":14}},"locations":[{"start":{"line":36,"column":8},"end":{"line":36,"column":14}}]},"5":{"type":"branch","line":12,"loc":{"start":{"line":12,"column":23},"end":{"line":14,"column":3}},"locations":[{"start":{"line":12,"column":23},"end":{"line":14,"column":3}}]},"6":{"type":"branch","line":16,"loc":{"start":{"line":16,"column":27},"end":{"line":18,"column":3}},"locations":[{"start":{"line":16,"column":27},"end":{"line":18,"column":3}}]}},"b":{"0":[70],"1":[62],"2":[30],"3":[30],"4":[40],"5":[25],"6":[1]},"fnMap":{"0":{"name":"Filter","decl":{"start":{"line":4,"column":15},"end":{"line":39,"column":2}},"loc":{"start":{"line":4,"column":15},"end":{"line":39,"column":2}},"line":4},"1":{"name":"handleChange","decl":{"start":{"line":12,"column":23},"end":{"line":14,"column":3}},"loc":{"start":{"line":12,"column":23},"end":{"line":14,"column":3}},"line":12},"2":{"name":"handleClickClear","decl":{"start":{"line":16,"column":27},"end":{"line":18,"column":3}},"loc":{"start":{"line":16,"column":27},"end":{"line":18,"column":3}},"line":16}},"f":{"0":70,"1":25,"2":1}}
,"/home/nut/react-column-select/src/List.tsx": {"path":"/home/nut/react-column-select/src/List.tsx","all":false,"statementMap":{"0":{"start":{"line":1,"column":0},"end":{"line":1,"column":26}},"1":{"start":{"line":2,"column":0},"end":{"line":2,"column":34}},"2":{"start":{"line":3,"column":0},"end":{"line":3,"column":41}},"3":{"start":{"line":4,"column":0},"end":{"line":4,"column":0}},"4":{"start":{"line":5,"column":0},"end":{"line":5,"column":61}},"5":{"start":{"line":6,"column":0},"end":{"line":6,"column":51}},"6":{"start":{"line":7,"column":0},"end":{"line":7,"column":19}},"7":{"start":{"line":8,"column":0},"end":{"line":8,"column":13}},"8":{"start":{"line":9,"column":0},"end":{"line":9,"column":5}},"9":{"start":{"line":10,"column":0},"end":{"line":10,"column":0}},"10":{"start":{"line":11,"column":0},"end":{"line":11,"column":19}},"11":{"start":{"line":12,"column":0},"end":{"line":12,"column":4}},"12":{"start":{"line":13,"column":0},"end":{"line":13,"column":0}},"13":{"start":{"line":14,"column":0},"end":{"line":14,"column":10}},"14":{"start":{"line":15,"column":0},"end":{"line":15,"column":31}},"15":{"start":{"line":16,"column":0},"end":{"line":16,"column":30}},"16":{"start":{"line":17,"column":0},"end":{"line":17,"column":17}},"17":{"start":{"line":18,"column":0},"end":{"line":18,"column":26}},"18":{"start":{"line":19,"column":0},"end":{"line":19,"column":43}},"19":{"start":{"line":20,"column":0},"end":{"line":20,"column":45}},"20":{"start":{"line":21,"column":0},"end":{"line":21,"column":27}},"21":{"start":{"line":22,"column":0},"end":{"line":22,"column":28}},"22":{"start":{"line":23,"column":0},"end":{"line":23,"column":31}},"23":{"start":{"line":24,"column":0},"end":{"line":24,"column":10}},"24":{"start":{"line":25,"column":0},"end":{"line":25,"column":9}},"25":{"start":{"line":26,"column":0},"end":{"line":26,"column":9}},"26":{"start":{"line":27,"column":0},"end":{"line":27,"column":4}},"27":{"start":{"line":28,"column":0},"end":{"line":28,"column":2}},"28":{"start":{"line":29,"column":0},"end":{"line":29,"column":0}},"29":{"start":{"line":30,"column":0},"end":{"line":30,"column":20}}},"s":{"0":1,"1":1,"2":1,"3":1,"4":1,"5":112,"6":3,"7":1,"8":1,"9":2,"10":2,"11":112,"12":112,"13":112,"14":112,"15":112,"16":60,"17":60,"18":60,"19":60,"20":60,"21":60,"22":60,"23":60,"24":112,"25":112,"26":112,"27":112,"28":1,"29":1},"branchMap":{"0":{"type":"branch","line":5,"loc":{"start":{"line":5,"column":13},"end":{"line":28,"column":2}},"locations":[{"start":{"line":5,"column":13},"end":{"line":28,"column":2}}]},"1":{"type":"branch","line":6,"loc":{"start":{"line":6,"column":22},"end":{"line":12,"column":3}},"locations":[{"start":{"line":6,"column":22},"end":{"line":12,"column":3}}]},"2":{"type":"branch","line":7,"loc":{"start":{"line":7,"column":18},"end":{"line":9,"column":5}},"locations":[{"start":{"line":7,"column":18},"end":{"line":9,"column":5}}]},"3":{"type":"branch","line":10,"loc":{"start":{"line":10,"column":-1},"end":{"line":12,"column":3}},"locations":[{"start":{"line":10,"column":-1},"end":{"line":12,"column":3}}]},"4":{"type":"branch","line":16,"loc":{"start":{"line":16,"column":19},"end":{"line":24,"column":10}},"locations":[{"start":{"line":16,"column":19},"end":{"line":24,"column":10}}]},"5":{"type":"branch","line":19,"loc":{"start":{"line":19,"column":33},"end":{"line":19,"column":42}},"locations":[{"start":{"line":19,"column":33},"end":{"line":19,"column":42}}]},"6":{"type":"branch","line":20,"loc":{"start":{"line":20,"column":35},"end":{"line":20,"column":44}},"locations":[{"start":{"line":20,"column":35},"end":{"line":20,"column":44}}]}},"b":{"0":[112],"1":[3],"2":[1],"3":[2],"4":[60],"5":[55],"6":[59]},"fnMap":{"0":{"name":"List","decl":{"start":{"line":5,"column":13},"end":{"line":28,"column":2}},"loc":{"start":{"line":5,"column":13},"end":{"line":28,"column":2}},"line":5},"1":{"name":"handleClick","decl":{"start":{"line":6,"column":22},"end":{"line":12,"column":3}},"loc":{"start":{"line":6,"column":22},"end":{"line":12,"column":3}},"line":6}},"f":{"0":112,"1":3}}
,"/home/nut/react-column-select/src/ListItem.tsx": {"path":"/home/nut/react-column-select/src/ListItem.tsx","all":false,"statementMap":{"0":{"start":{"line":1,"column":0},"end":{"line":1,"column":26}},"1":{"start":{"line":2,"column":0},"end":{"line":2,"column":49}},"2":{"start":{"line":3,"column":0},"end":{"line":3,"column":0}},"3":{"start":{"line":4,"column":0},"end":{"line":4,"column":19}},"4":{"start":{"line":5,"column":0},"end":{"line":5,"column":19}},"5":{"start":{"line":6,"column":0},"end":{"line":6,"column":20}},"6":{"start":{"line":7,"column":0},"end":{"line":7,"column":10}},"7":{"start":{"line":8,"column":0},"end":{"line":8,"column":13}},"8":{"start":{"line":9,"column":0},"end":{"line":9,"column":7}},"9":{"start":{"line":10,"column":0},"end":{"line":10,"column":22}},"10":{"start":{"line":11,"column":0},"end":{"line":11,"column":29}},"11":{"start":{"line":12,"column":0},"end":{"line":12,"column":19}},"12":{"start":{"line":13,"column":0},"end":{"line":13,"column":13}},"13":{"start":{"line":14,"column":0},"end":{"line":14,"column":5}},"14":{"start":{"line":15,"column":0},"end":{"line":15,"column":19}},"15":{"start":{"line":16,"column":0},"end":{"line":16,"column":4}},"16":{"start":{"line":17,"column":0},"end":{"line":17,"column":0}},"17":{"start":{"line":18,"column":0},"end":{"line":18,"column":38}},"18":{"start":{"line":19,"column":0},"end":{"line":19,"column":10}},"19":{"start":{"line":20,"column":0},"end":{"line":20,"column":7}},"20":{"start":{"line":21,"column":0},"end":{"line":21,"column":76}},"21":{"start":{"line":22,"column":0},"end":{"line":22,"column":51}},"22":{"start":{"line":23,"column":0},"end":{"line":23,"column":9}},"23":{"start":{"line":24,"column":0},"end":{"line":24,"column":27}},"24":{"start":{"line":25,"column":0},"end":{"line":25,"column":5}},"25":{"start":{"line":26,"column":0},"end":{"line":26,"column":13}},"26":{"start":{"line":27,"column":0},"end":{"line":27,"column":9}},"27":{"start":{"line":28,"column":0},"end":{"line":28,"column":4}},"28":{"start":{"line":29,"column":0},"end":{"line":29,"column":2}},"29":{"start":{"line":30,"column":0},"end":{"line":30,"column":0}},"30":{"start":{"line":31,"column":0},"end":{"line":31,"column":24}}},"s":{"0":1,"1":1,"2":1,"3":1,"4":60,"5":60,"6":60,"7":60,"8":60,"9":60,"10":60,"11":5,"12":2,"13":2,"14":3,"15":60,"16":60,"17":60,"18":60,"19":60,"20":60,"21":60,"22":60,"23":60,"24":60,"25":60,"26":60,"27":60,"28":60,"29":1,"30":1},"branchMap":{"0":{"type":"branch","line":4,"loc":{"start":{"line":4,"column":17},"end":{"line":29,"column":2}},"locations":[{"start":{"line":4,"column":17},"end":{"line":29,"column":2}}]},"1":{"type":"branch","line":21,"loc":{"start":{"line":21,"column":42},"end":{"line":21,"column":67}},"locations":[{"start":{"line":21,"column":42},"end":{"line":21,"column":67}}]},"2":{"type":"branch","line":21,"loc":{"start":{"line":21,"column":68},"end":{"line":21,"column":72}},"locations":[{"start":{"line":21,"column":68},"end":{"line":21,"column":72}}]},"3":{"type":"branch","line":22,"loc":{"start":{"line":22,"column":18},"end":{"line":22,"column":46}},"locations":[{"start":{"line":22,"column":18},"end":{"line":22,"column":46}}]},"4":{"type":"branch","line":22,"loc":{"start":{"line":22,"column":47},"end":{"line":22,"column":51}},"locations":[{"start":{"line":22,"column":47},"end":{"line":22,"column":51}}]},"5":{"type":"branch","line":11,"loc":{"start":{"line":11,"column":22},"end":{"line":16,"column":3}},"locations":[{"start":{"line":11,"column":22},"end":{"line":16,"column":3}}]},"6":{"type":"branch","line":12,"loc":{"start":{"line":12,"column":18},"end":{"line":14,"column":5}},"locations":[{"start":{"line":12,"column":18},"end":{"line":14,"column":5}}]},"7":{"type":"branch","line":15,"loc":{"start":{"line":15,"column":-1},"end":{"line":16,"column":3}},"locations":[{"start":{"line":15,"column":-1},"end":{"line":16,"column":3}}]}},"b":{"0":[60],"1":[5],"2":[55],"3":[1],"4":[59],"5":[5],"6":[2],"7":[3]},"fnMap":{"0":{"name":"ListItem","decl":{"start":{"line":4,"column":17},"end":{"line":29,"column":2}},"loc":{"start":{"line":4,"column":17},"end":{"line":29,"column":2}},"line":4},"1":{"name":"handleClick","decl":{"start":{"line":11,"column":22},"end":{"line":16,"column":3}},"loc":{"start":{"line":11,"column":22},"end":{"line":16,"column":3}},"line":11}},"f":{"0":60,"1":5}}
,"/home/nut/react-column-select/src/index.ts": {"path":"/home/nut/react-column-select/src/index.ts","all":false,"statementMap":{"0":{"start":{"line":1,"column":0},"end":{"line":1,"column":42}},"1":{"start":{"line":2,"column":0},"end":{"line":2,"column":0}},"2":{"start":{"line":3,"column":0},"end":{"line":3,"column":28}}},"s":{"0":1,"1":1,"2":1},"branchMap":{},"b":{},"fnMap":{},"f":{}}
,"/home/nut/react-column-select/src/utils.ts": {"path":"/home/nut/react-column-select/src/utils.ts","all":false,"statementMap":{"0":{"start":{"line":1,"column":0},"end":{"line":1,"column":44}},"1":{"start":{"line":2,"column":0},"end":{"line":2,"column":0}},"2":{"start":{"line":3,"column":0},"end":{"line":3,"column":65}},"3":{"start":{"line":4,"column":0},"end":{"line":4,"column":70}},"4":{"start":{"line":5,"column":0},"end":{"line":5,"column":1}}},"s":{"0":1,"1":1,"2":27,"3":27,"4":27},"branchMap":{"0":{"type":"branch","line":3,"loc":{"start":{"line":3,"column":0},"end":{"line":5,"column":1}},"locations":[{"start":{"line":3,"column":0},"end":{"line":5,"column":1}}]}},"b":{"0":[27]},"fnMap":{"0":{"name":"filterBy","decl":{"start":{"line":3,"column":0},"end":{"line":5,"column":1}},"loc":{"start":{"line":3,"column":0},"end":{"line":5,"column":1}},"line":3}},"f":{"0":27}}
}
