TN:
SF:src/ColumnSelect.tsx
FN:9,ColumnSelect
FN:21,onChange
FN:34,handleClickAvailable
FN:39,handleClickSelected
FN:44,handleClickSelectAll
FN:65,handleClickDeselectAll
FN:87,filterAvailableFn
FN:124,filterActiveFn
FN:143,handleChangeFilterAvailable
FN:147,handleChangeFilterSelected
FN:151,renderFilter
FNF:11
FNH:10
FNDA:56,ColumnSelect
FNDA:0,onChange
FNDA:1,handleClickAvailable
FNDA:1,handleClickSelected
FNDA:3,handleClickSelectAll
FNDA:1,handleClickDeselectAll
FNDA:59,filterAvailableFn
FNDA:57,filterActiveFn
FNDA:16,handleChangeFilterAvailable
FNDA:10,handleChangeFilterSelected
FNDA:72,renderFilter
DA:1,1
DA:2,1
DA:3,1
DA:4,1
DA:5,1
DA:6,1
DA:7,1
DA:8,1
DA:9,1
DA:10,56
DA:11,56
DA:12,56
DA:13,56
DA:14,56
DA:15,56
DA:16,56
DA:17,56
DA:18,56
DA:19,56
DA:20,56
DA:21,56
DA:22,56
DA:23,56
DA:24,56
DA:25,56
DA:26,56
DA:27,56
DA:28,56
DA:29,56
DA:30,56
DA:31,56
DA:32,56
DA:33,56
DA:34,56
DA:35,1
DA:36,1
DA:37,56
DA:38,56
DA:39,56
DA:40,1
DA:41,1
DA:42,56
DA:43,56
DA:44,56
DA:45,3
DA:46,3
DA:47,3
DA:48,3
DA:49,8
DA:50,6
DA:51,6
DA:52,8
DA:53,3
DA:54,3
DA:55,3
DA:56,3
DA:57,1
DA:58,1
DA:59,3
DA:60,3
DA:61,3
DA:62,3
DA:63,56
DA:64,56
DA:65,56
DA:66,1
DA:67,1
DA:68,1
DA:69,1
DA:70,1
DA:71,2
DA:72,2
DA:73,1
DA:74,1
DA:75,1
DA:76,1
DA:77,1
DA:78,5
DA:79,3
DA:80,3
DA:81,5
DA:82,1
DA:83,1
DA:84,1
DA:85,56
DA:86,56
DA:87,56
DA:88,59
DA:89,88
DA:90,49
DA:91,49
DA:92,88
DA:93,88
DA:94,59
DA:95,59
DA:96,59
DA:97,59
DA:98,1
DA:99,2
DA:100,1
DA:101,1
DA:102,59
DA:103,59
DA:104,1
DA:105,2
DA:106,1
DA:107,1
DA:108,1
DA:109,1
DA:110,1
DA:111,1
DA:112,59
DA:113,59
DA:114,22
DA:115,22
DA:116,37
DA:117,59
DA:118,24
DA:119,24
DA:120,13
DA:121,13
DA:122,56
DA:123,56
DA:124,56
DA:125,57
DA:126,81
DA:127,42
DA:128,42
DA:129,81
DA:130,57
DA:131,57
DA:132,57
DA:133,20
DA:134,20
DA:135,37
DA:136,57
DA:137,11
DA:138,11
DA:139,26
DA:140,26
DA:141,56
DA:142,56
DA:143,56
DA:144,16
DA:145,56
DA:146,56
DA:147,56
DA:148,10
DA:149,56
DA:150,56
DA:151,56
DA:152,72
DA:153,70
DA:154,70
DA:155,70
DA:156,70
DA:157,70
DA:158,70
DA:159,70
DA:160,70
DA:161,70
DA:162,70
DA:163,70
DA:164,2
DA:165,2
DA:166,2
DA:167,2
DA:168,2
DA:169,2
DA:170,2
DA:171,2
DA:172,56
DA:173,56
DA:174,56
DA:175,56
DA:176,56
DA:177,1
DA:178,1
DA:179,1
DA:180,1
DA:181,1
DA:182,1
DA:183,1
DA:184,56
DA:185,56
DA:186,56
DA:187,36
DA:188,36
DA:189,36
DA:190,36
DA:191,36
DA:192,36
DA:193,36
DA:194,36
DA:195,36
DA:196,56
DA:197,56
DA:198,56
DA:199,56
DA:200,56
DA:201,56
DA:202,56
DA:203,56
DA:204,56
DA:205,56
DA:206,56
DA:207,56
DA:208,11
DA:209,11
DA:210,11
DA:211,11
DA:212,11
DA:213,11
DA:214,11
DA:215,11
DA:216,6
DA:217,11
DA:218,11
DA:219,11
DA:220,11
DA:221,11
DA:222,11
DA:223,11
DA:224,11
DA:225,11
DA:226,11
DA:227,11
DA:228,11
DA:229,56
DA:230,56
DA:231,56
DA:232,56
DA:233,56
DA:234,56
DA:235,56
DA:236,56
DA:237,56
DA:238,56
DA:239,56
DA:240,56
DA:241,1
DA:242,1
DA:243,1
DA:244,1
DA:245,1
DA:246,1
DA:247,1
DA:248,56
DA:249,56
DA:250,56
DA:251,56
DA:252,1
DA:253,1
LF:253
LH:253
BRDA:9,0,0,56
BRDA:175,1,0,4
BRDA:175,2,0,52
BRDA:176,3,0,55
BRDA:176,4,0,1
BRDA:184,5,0,55
BRDA:186,6,0,36
BRDA:196,7,0,20
BRDA:207,8,0,11
BRDA:214,9,0,6
BRDA:215,10,0,5
BRDA:215,11,0,6
BRDA:225,12,0,8
BRDA:229,13,0,45
BRDA:240,14,0,55
BRDA:240,15,0,1
BRDA:248,16,0,55
BRDA:34,17,0,1
BRDA:39,18,0,1
BRDA:44,19,0,3
BRDA:56,20,0,1
BRDA:48,21,0,8
BRDA:49,22,0,6
BRDA:49,23,0,6
BRDA:65,24,0,1
BRDA:70,25,0,2
BRDA:77,26,0,5
BRDA:78,27,0,3
BRDA:87,28,0,59
BRDA:97,29,0,3
BRDA:97,30,0,1
BRDA:103,31,0,1
BRDA:113,32,0,22
BRDA:116,33,0,37
BRDA:117,34,0,24
BRDA:120,35,0,13
BRDA:88,36,0,88
BRDA:89,37,0,49
BRDA:98,38,0,2
BRDA:104,39,0,2
BRDA:105,40,0,1
BRDA:118,41,0,20
BRDA:124,42,0,57
BRDA:132,43,0,20
BRDA:135,44,0,37
BRDA:136,45,0,11
BRDA:139,46,0,26
BRDA:125,47,0,81
BRDA:126,48,0,42
BRDA:137,49,0,19
BRDA:143,50,0,16
BRDA:147,51,0,10
BRDA:151,52,0,72
BRDA:152,53,0,70
BRDA:164,54,0,2
BRF:55
BRH:55
end_of_record
TN:
SF:src/Filter.tsx
FN:4,Filter
FN:12,handleChange
FN:16,handleClickClear
FNF:3
FNH:3
FNDA:70,Filter
FNDA:25,handleChange
FNDA:1,handleClickClear
DA:1,1
DA:2,1
DA:3,1
DA:4,1
DA:5,70
DA:6,70
DA:7,70
DA:8,70
DA:9,70
DA:10,70
DA:11,70
DA:12,70
DA:13,25
DA:14,70
DA:15,70
DA:16,70
DA:17,1
DA:18,70
DA:19,70
DA:20,70
DA:21,70
DA:22,70
DA:23,70
DA:24,70
DA:25,70
DA:26,70
DA:27,70
DA:28,70
DA:29,70
DA:30,70
DA:31,30
DA:32,30
DA:33,30
DA:34,30
DA:35,30
DA:36,70
DA:37,70
DA:38,70
DA:39,70
DA:40,1
DA:41,1
LF:41
LH:41
BRDA:4,0,0,70
BRDA:30,1,0,62
BRDA:30,2,0,30
BRDA:30,3,0,30
BRDA:36,4,0,40
BRDA:12,5,0,25
BRDA:16,6,0,1
BRF:7
BRH:7
end_of_record
TN:
SF:src/List.tsx
FN:5,List
FN:6,handleClick
FNF:2
FNH:2
FNDA:112,List
FNDA:3,handleClick
DA:1,1
DA:2,1
DA:3,1
DA:4,1
DA:5,1
DA:6,112
DA:7,3
DA:8,1
DA:9,1
DA:10,2
DA:11,2
DA:12,112
DA:13,112
DA:14,112
DA:15,112
DA:16,112
DA:17,60
DA:18,60
DA:19,60
DA:20,60
DA:21,60
DA:22,60
DA:23,60
DA:24,60
DA:25,112
DA:26,112
DA:27,112
DA:28,112
DA:29,1
DA:30,1
LF:30
LH:30
BRDA:5,0,0,112
BRDA:6,1,0,3
BRDA:7,2,0,1
BRDA:10,3,0,2
BRDA:16,4,0,60
BRDA:19,5,0,55
BRDA:20,6,0,59
BRF:7
BRH:7
end_of_record
TN:
SF:src/ListItem.tsx
FN:4,ListItem
FN:11,handleClick
FNF:2
FNH:2
FNDA:60,ListItem
FNDA:5,handleClick
DA:1,1
DA:2,1
DA:3,1
DA:4,1
DA:5,60
DA:6,60
DA:7,60
DA:8,60
DA:9,60
DA:10,60
DA:11,60
DA:12,5
DA:13,2
DA:14,2
DA:15,3
DA:16,60
DA:17,60
DA:18,60
DA:19,60
DA:20,60
DA:21,60
DA:22,60
DA:23,60
DA:24,60
DA:25,60
DA:26,60
DA:27,60
DA:28,60
DA:29,60
DA:30,1
DA:31,1
LF:31
LH:31
BRDA:4,0,0,60
BRDA:21,1,0,5
BRDA:21,2,0,55
BRDA:22,3,0,1
BRDA:22,4,0,59
BRDA:11,5,0,5
BRDA:12,6,0,2
BRDA:15,7,0,3
BRF:8
BRH:8
end_of_record
TN:
SF:src/index.ts
FNF:0
FNH:0
DA:1,1
DA:2,1
DA:3,1
LF:3
LH:3
BRF:0
BRH:0
end_of_record
TN:
SF:src/utils.ts
FN:3,filterBy
FNF:1
FNH:1
FNDA:27,filterBy
DA:1,1
DA:2,1
DA:3,27
DA:4,27
DA:5,27
LF:5
LH:5
BRDA:3,0,0,27
BRF:1
BRH:1
end_of_record
